# Error Log

## Log Format
Each entry should follow this format:
```
[TIMESTAMP] [SEVERITY] [COMPONENT] Error Message
Stack trace or additional details
Resolution: What was done to fix it
---
```

## Severity Levels
- CRITICAL: System failure, data loss risk
- ERROR: Operation failed, needs immediate attention  
- WARNING: Potential issue, degraded performance
- INFO: Informational, noteworthy events

## Example Entry
```
[2024-01-01 10:30:00] [INFO] [SYSTEM] Framework initialized successfully
No errors to report. System ready for operation.
---
```

## Active Issues
None

## Resolved Issues
None

## Common Solutions
This section will be populated with frequently occurring issues and their solutions.
